<?xml version="1.0" encoding="UTF-8"?>
<!-- Generated by org.testng.reporters.JUnitXMLReporter -->
<testsuite ignored="0" hostname="Sarabdeeps-MBP" failures="0" tests="4" name="Default test" time="19.332" errors="0" timestamp="2023-11-13T18:50:32 CET">
  <testcase classname="Tests.checkPagesVisit" name="checkAboutUsPageVisits" time="2.723"/>
  <testcase classname="Tests.checkPagesVisit" name="checkEnquiryageVisit" time="0.728"/>
  <testcase classname="Tests.checkPagesVisit" name="checkLensesPageVisit" time="0.899"/>
  <testcase classname="Tests.checkPagesVisit" name="checkPartsOfSpeedoMeterPageVisit" time="1.434"/>
</testsuite> <!-- Default test -->
