<?xml version="1.0" encoding="UTF-8"?>
<!-- Generated by org.testng.reporters.JUnitXMLReporter -->
<testsuite ignored="0" hostname="Sarabdeeps-MBP" failures="0" tests="3" name="Test2" time="12.215" errors="0" timestamp="2023-11-13T18:23:02 CET">
  <testcase classname="Tests.checkPagesVisit" name="checkAboutUsPageVisits" time="0.822"/>
  <testcase classname="Tests.checkPagesVisit" name="checkLensesPageVisit" time="0.931"/>
  <testcase classname="Tests.checkPagesVisit" name="checkPartsOfSpeedoMeterPageVisit" time="0.998"/>
</testsuite> <!-- Test2 -->
