<?xml version="1.0" encoding="UTF-8"?>
<testng-results ignored="0" total="4" passed="4" failed="0" skipped="0">
  <reporter-output>
  </reporter-output>
  <suite started-at="2023-11-13T18:50:12 CET" name="Default suite" finished-at="2023-11-13T18:50:31 CET" duration-ms="19332">
    <groups>
    </groups>
    <test started-at="2023-11-13T18:50:12 CET" name="Default test" finished-at="2023-11-13T18:50:31 CET" duration-ms="19332">
      <class name="Tests.checkPagesVisit">
        <test-method is-config="true" signature="launchApp()[pri:0, instance:Tests.checkPagesVisit@7bc10d84]" started-at="2023-11-13T18:50:12 CET" name="launchApp" finished-at="2023-11-13T18:50:16 CET" duration-ms="4187" status="PASS">
          <reporter-output>
          </reporter-output>
        </test-method> <!-- launchApp -->
        <test-method is-config="true" signature="methodSetup()[pri:0, instance:Tests.checkPagesVisit@7bc10d84]" started-at="2023-11-13T18:50:16 CET" name="methodSetup" finished-at="2023-11-13T18:50:16 CET" duration-ms="1" status="PASS">
          <reporter-output>
          </reporter-output>
        </test-method> <!-- methodSetup -->
        <test-method signature="checkAboutUsPageVisits()[pri:0, instance:Tests.checkPagesVisit@7bc10d84]" started-at="2023-11-13T18:50:16 CET" name="checkAboutUsPageVisits" finished-at="2023-11-13T18:50:19 CET" duration-ms="2723" status="PASS">
          <reporter-output>
          </reporter-output>
        </test-method> <!-- checkAboutUsPageVisits -->
        <test-method is-config="true" signature="tearDown()[pri:0, instance:Tests.checkPagesVisit@7bc10d84]" started-at="2023-11-13T18:50:19 CET" name="tearDown" finished-at="2023-11-13T18:50:19 CET" duration-ms="135" status="PASS">
          <reporter-output>
          </reporter-output>
        </test-method> <!-- tearDown -->
        <test-method is-config="true" signature="launchApp()[pri:0, instance:Tests.checkPagesVisit@7bc10d84]" started-at="2023-11-13T18:50:19 CET" name="launchApp" finished-at="2023-11-13T18:50:22 CET" duration-ms="2775" status="PASS">
          <reporter-output>
          </reporter-output>
        </test-method> <!-- launchApp -->
        <test-method is-config="true" signature="methodSetup()[pri:0, instance:Tests.checkPagesVisit@7bc10d84]" started-at="2023-11-13T18:50:22 CET" name="methodSetup" finished-at="2023-11-13T18:50:22 CET" duration-ms="1" status="PASS">
          <reporter-output>
          </reporter-output>
        </test-method> <!-- methodSetup -->
        <test-method signature="checkEnquiryageVisit()[pri:0, instance:Tests.checkPagesVisit@7bc10d84]" started-at="2023-11-13T18:50:22 CET" name="checkEnquiryageVisit" finished-at="2023-11-13T18:50:23 CET" duration-ms="728" status="PASS">
          <reporter-output>
          </reporter-output>
        </test-method> <!-- checkEnquiryageVisit -->
        <test-method is-config="true" signature="tearDown()[pri:0, instance:Tests.checkPagesVisit@7bc10d84]" started-at="2023-11-13T18:50:23 CET" name="tearDown" finished-at="2023-11-13T18:50:23 CET" duration-ms="123" status="PASS">
          <reporter-output>
          </reporter-output>
        </test-method> <!-- tearDown -->
        <test-method is-config="true" signature="launchApp()[pri:0, instance:Tests.checkPagesVisit@7bc10d84]" started-at="2023-11-13T18:50:23 CET" name="launchApp" finished-at="2023-11-13T18:50:26 CET" duration-ms="2957" status="PASS">
          <reporter-output>
          </reporter-output>
        </test-method> <!-- launchApp -->
        <test-method signature="checkLensesPageVisit()[pri:0, instance:Tests.checkPagesVisit@7bc10d84]" started-at="2023-11-13T18:50:26 CET" name="checkLensesPageVisit" finished-at="2023-11-13T18:50:27 CET" duration-ms="899" status="PASS">
          <reporter-output>
          </reporter-output>
        </test-method> <!-- checkLensesPageVisit -->
        <test-method is-config="true" signature="methodSetup()[pri:0, instance:Tests.checkPagesVisit@7bc10d84]" started-at="2023-11-13T18:50:26 CET" name="methodSetup" finished-at="2023-11-13T18:50:26 CET" duration-ms="0" status="PASS">
          <reporter-output>
          </reporter-output>
        </test-method> <!-- methodSetup -->
        <test-method is-config="true" signature="tearDown()[pri:0, instance:Tests.checkPagesVisit@7bc10d84]" started-at="2023-11-13T18:50:27 CET" name="tearDown" finished-at="2023-11-13T18:50:27 CET" duration-ms="114" status="PASS">
          <reporter-output>
          </reporter-output>
        </test-method> <!-- tearDown -->
        <test-method is-config="true" signature="launchApp()[pri:0, instance:Tests.checkPagesVisit@7bc10d84]" started-at="2023-11-13T18:50:27 CET" name="launchApp" finished-at="2023-11-13T18:50:30 CET" duration-ms="3107" status="PASS">
          <reporter-output>
          </reporter-output>
        </test-method> <!-- launchApp -->
        <test-method is-config="true" signature="methodSetup()[pri:0, instance:Tests.checkPagesVisit@7bc10d84]" started-at="2023-11-13T18:50:30 CET" name="methodSetup" finished-at="2023-11-13T18:50:30 CET" duration-ms="2" status="PASS">
          <reporter-output>
          </reporter-output>
        </test-method> <!-- methodSetup -->
        <test-method signature="checkPartsOfSpeedoMeterPageVisit()[pri:0, instance:Tests.checkPagesVisit@7bc10d84]" started-at="2023-11-13T18:50:30 CET" name="checkPartsOfSpeedoMeterPageVisit" finished-at="2023-11-13T18:50:31 CET" duration-ms="1434" status="PASS">
          <reporter-output>
          </reporter-output>
        </test-method> <!-- checkPartsOfSpeedoMeterPageVisit -->
        <test-method is-config="true" signature="tearDown()[pri:0, instance:Tests.checkPagesVisit@7bc10d84]" started-at="2023-11-13T18:50:31 CET" name="tearDown" finished-at="2023-11-13T18:50:31 CET" duration-ms="123" status="PASS">
          <reporter-output>
          </reporter-output>
        </test-method> <!-- tearDown -->
      </class> <!-- Tests.checkPagesVisit -->
    </test> <!-- Default test -->
  </suite> <!-- Default suite -->
</testng-results>
